Found 1 solution(s) in ../MNIST/MNIST_Qkeras/hls4ml_prj_base/myproject_prj.
Reports for solution "solution1":

C simulation report not found.
SYNTHESIS REPORT:
================================================================
== Vitis HLS Report for 'myproject'
================================================================
* Date:           Tue Apr 28 13:28:45 2026

* Version:        2025.2 (Build 6295257 on Nov 14 2025)
* Project:        myproject_prj
* Solution:       solution1 (Vivado IP Flow Target)
* Product family: zynquplus
* Target device:  xck26-sfvc784-2LV-c


================================================================
== Performance Estimates
================================================================
+ Timing: 
    * Summary: 
    +--------+---------+----------+------------+
    |  Clock |  Target | Estimated| Uncertainty|
    +--------+---------+----------+------------+
    |ap_clk  |  5.00 ns|  3.646 ns|     1.35 ns|
    +--------+---------+----------+------------+

+ Latency: 
    * Summary: 
    +---------+---------+-----------+-----------+------+------+----------+
    |  Latency (cycles) |   Latency (absolute)  |   Interval  | Pipeline |
    |   min   |   max   |    min    |    max    |  min |  max |   Type   |
    +---------+---------+-----------+-----------+------+------+----------+
    |     2367|     2367|  11.835 us|  11.835 us|  2352|  2352|  dataflow|
    +---------+---------+-----------+-----------+------+------+----------+

    + Detail: 
        * Instance: 
        +------------------------------------------------------------------------+-----------------------------------------------------------------------+---------+---------+-----------+-----------+------+------+------------------------------------------------+
        |                                                                        |                                                                       |  Latency (cycles) |   Latency (absolute)  |   Interval  |                    Pipeline                    |
        |                                Instance                                |                                 Module                                |   min   |   max   |    min    |    max    |  min |  max |                      Type                      |
        +------------------------------------------------------------------------+-----------------------------------------------------------------------+---------+---------+-----------+-----------+------+------+------------------------------------------------+
        |conv_2d_cl_array_ap_fixed_1u_array_ap_fixed_27_12_5_3_0_32u_config2_U0  |conv_2d_cl_array_ap_fixed_1u_array_ap_fixed_27_12_5_3_0_32u_config2_s  |     2355|     2355|  11.775 us|  11.775 us|  2352|  2352|  loop auto-rewind stp (delay=0 clock cycles(s))|
        |relu_array_ap_fixed_32u_array_ap_ufixed_6_0_4_0_0_32u_relu_config4_U0   |relu_array_ap_fixed_32u_array_ap_ufixed_6_0_4_0_0_32u_relu_config4_s   |      678|      678|   3.390 us|   3.390 us|   676|   676|  loop auto-rewind stp (delay=0 clock cycles(s))|
        |pooling2d_cl_array_array_ap_ufixed_6_0_4_0_0_32u_config5_U0             |pooling2d_cl_array_array_ap_ufixed_6_0_4_0_0_32u_config5_s             |      679|      679|   3.395 us|   3.395 us|   679|   679|                                              no|
        |conv_2d_cl_array_array_ap_fixed_22_11_5_3_0_32u_config6_U0              |conv_2d_cl_array_array_ap_fixed_22_11_5_3_0_32u_config6_s              |      679|      679|   3.395 us|   3.395 us|   676|   676|  loop auto-rewind stp (delay=0 clock cycles(s))|
        |relu_array_ap_fixed_32u_array_ap_ufixed_6_0_4_0_0_32u_relu_config8_U0   |relu_array_ap_fixed_32u_array_ap_ufixed_6_0_4_0_0_32u_relu_config8_s   |      123|      123|   0.615 us|   0.615 us|   121|   121|  loop auto-rewind stp (delay=0 clock cycles(s))|
        |pooling2d_cl_array_array_ap_ufixed_6_0_4_0_0_32u_config9_U0             |pooling2d_cl_array_array_ap_ufixed_6_0_4_0_0_32u_config9_s             |      123|      123|   0.615 us|   0.615 us|   123|   123|                                              no|
        |dense_array_ap_ufixed_32u_array_ap_fixed_23_12_5_3_0_10u_config11_U0    |dense_array_ap_ufixed_32u_array_ap_fixed_23_12_5_3_0_10u_config11_s    |       32|       32|   0.160 us|   0.160 us|    32|    32|                                              no|
        |softmax_array_array_ap_fixed_16_6_5_3_0_10u_softmax_config13_U0         |softmax_array_array_ap_fixed_16_6_5_3_0_10u_softmax_config13_s         |     1058|     1058|   5.290 us|   5.290 us|  1058|  1058|                                              no|
        +------------------------------------------------------------------------+-----------------------------------------------------------------------+---------+---------+-----------+-----------+------+------+------------------------------------------------+

        * Loop: 
        N/A



================================================================
== Utilization Estimates
================================================================
* Summary: 
+-----------------+---------+------+--------+--------+-----+
|       Name      | BRAM_18K|  DSP |   FF   |   LUT  | URAM|
+-----------------+---------+------+--------+--------+-----+
|DSP              |        -|     -|       -|       -|    -|
|Expression       |        -|     -|       0|       2|    -|
|FIFO             |      132|     -|    1060|     414|    -|
|Instance         |        2|    46|   33385|  143249|    0|
|Memory           |        -|     -|       -|       -|    -|
|Multiplexer      |        -|     -|       -|       -|    -|
|Register         |        -|     -|       -|       -|    -|
+-----------------+---------+------+--------+--------+-----+
|Total            |      134|    46|   34445|  143665|    0|
+-----------------+---------+------+--------+--------+-----+
|Available        |      288|  1248|  234240|  117120|   64|
+-----------------+---------+------+--------+--------+-----+
|Utilization (%)  |       46|     3|      14|     122|    0|
+-----------------+---------+------+--------+--------+-----+

+ Detail: 
    * Instance: 
    +------------------------------------------------------------------------+-----------------------------------------------------------------------+---------+----+-------+-------+-----+
    |                                Instance                                |                                 Module                                | BRAM_18K| DSP|   FF  |  LUT  | URAM|
    +------------------------------------------------------------------------+-----------------------------------------------------------------------+---------+----+-------+-------+-----+
    |conv_2d_cl_array_ap_fixed_1u_array_ap_fixed_27_12_5_3_0_32u_config2_U0  |conv_2d_cl_array_ap_fixed_1u_array_ap_fixed_27_12_5_3_0_32u_config2_s  |        0|  29|   1537|   2939|    0|
    |conv_2d_cl_array_array_ap_fixed_22_11_5_3_0_32u_config6_U0              |conv_2d_cl_array_array_ap_fixed_22_11_5_3_0_32u_config6_s              |        0|   0|  10439|  51087|    0|
    |dense_array_ap_ufixed_32u_array_ap_fixed_23_12_5_3_0_10u_config11_U0    |dense_array_ap_ufixed_32u_array_ap_fixed_23_12_5_3_0_10u_config11_s    |        0|   0|  13920|  66742|    0|
    |pooling2d_cl_array_array_ap_ufixed_6_0_4_0_0_32u_config5_U0             |pooling2d_cl_array_array_ap_ufixed_6_0_4_0_0_32u_config5_s             |        0|   0|   2115|   5433|    0|
    |pooling2d_cl_array_array_ap_ufixed_6_0_4_0_0_32u_config9_U0             |pooling2d_cl_array_array_ap_ufixed_6_0_4_0_0_32u_config9_s             |        0|   0|   2097|   5422|    0|
    |relu_array_ap_fixed_32u_array_ap_ufixed_6_0_4_0_0_32u_relu_config4_U0   |relu_array_ap_fixed_32u_array_ap_ufixed_6_0_4_0_0_32u_relu_config4_s   |        0|   0|   1167|   3979|    0|
    |relu_array_ap_fixed_32u_array_ap_ufixed_6_0_4_0_0_32u_relu_config8_U0   |relu_array_ap_fixed_32u_array_ap_ufixed_6_0_4_0_0_32u_relu_config8_s   |        0|   0|    300|   3685|    0|
    |softmax_array_array_ap_fixed_16_6_5_3_0_10u_softmax_config13_U0         |softmax_array_array_ap_fixed_16_6_5_3_0_10u_softmax_config13_s         |        2|  17|   1810|   3962|    0|
    +------------------------------------------------------------------------+-----------------------------------------------------------------------+---------+----+-------+-------+-----+
    |Total                                                                   |                                                                       |        2|  46|  33385| 143249|    0|
    +------------------------------------------------------------------------+-----------------------------------------------------------------------+---------+----+-------+-------+-----+

    * DSP: 
    N/A

    * Memory: 
    N/A

    * FIFO: 
    +---------------+---------+-----+----+-----+------+-----+---------+
    |      Name     | BRAM_18K|  FF | LUT| URAM| Depth| Bits| Size:D*B|
    +---------------+---------+-----+----+-----+------+-----+---------+
    |layer11_out_U  |        0|   99|   0|    -|     1|  230|      230|
    |layer2_out_U   |       48|  165|   0|    -|   676|  864|   584064|
    |layer4_out_U   |       11|  165|   0|    -|   676|  192|   129792|
    |layer5_out_U   |       11|  163|   0|    -|   169|  192|    32448|
    |layer6_out_U   |       40|  158|   0|    -|   121|  704|    85184|
    |layer8_out_U   |       11|  158|   0|    -|   121|  192|    23232|
    |layer9_out_U   |       11|  152|   0|    -|    25|  192|     4800|
    +---------------+---------+-----+----+-----+------+-----+---------+
    |Total          |      132| 1060|   0|    0|  1789| 2566|   859750|
    +---------------+---------+-----+----+-----+------+-----+---------+

    * Expression: 
    +--------------+----------+----+---+----+------------+------------+
    | Variable Name| Operation| DSP| FF| LUT| Bitwidth P0| Bitwidth P1|
    +--------------+----------+----+---+----+------------+------------+
    |ap_idle       |       and|   0|  0|   2|           1|           1|
    +--------------+----------+----+---+----+------------+------------+
    |Total         |          |   0|  0|   2|           1|           1|
    +--------------+----------+----+---+----+------------+------------+

    * Multiplexer: 
    N/A

    * Register: 
    N/A



================================================================
== Interface
================================================================
* Summary: 
+--------------------+-----+-----+------------+--------------+--------------+
|      RTL Ports     | Dir | Bits|  Protocol  | Source Object|    C Type    |
+--------------------+-----+-----+------------+--------------+--------------+
|input_5_TDATA       |   in|   16|        axis|       input_5|       pointer|
|input_5_TVALID      |   in|    1|        axis|       input_5|       pointer|
|input_5_TREADY      |  out|    1|        axis|       input_5|       pointer|
|layer13_out_TDATA   |  out|  160|        axis|   layer13_out|       pointer|
|layer13_out_TVALID  |  out|    1|        axis|   layer13_out|       pointer|
|layer13_out_TREADY  |   in|    1|        axis|   layer13_out|       pointer|
|ap_clk              |   in|    1|  ap_ctrl_hs|     myproject|  return value|
|ap_rst_n            |   in|    1|  ap_ctrl_hs|     myproject|  return value|
|ap_start            |   in|    1|  ap_ctrl_hs|     myproject|  return value|
|ap_done             |  out|    1|  ap_ctrl_hs|     myproject|  return value|
|ap_ready            |  out|    1|  ap_ctrl_hs|     myproject|  return value|
|ap_idle             |  out|    1|  ap_ctrl_hs|     myproject|  return value|
+--------------------+-----+-----+------------+--------------+--------------+

Co-simulation report not found.
